<?xml version="1.0" encoding="utf-8"?><testsuites><testsuite name="pytest" errors="0" failures="0" skipped="0" tests="5" time="8.152" timestamp="2024-05-05T19:13:54.772636" hostname="pmarianovm"><testcase classname="test.rest.api_test.TestApi" name="test_api_add" time="2.014" /><testcase classname="test.rest.api_test.TestApi" name="test_api_divide" time="2.017" /><testcase classname="test.rest.api_test.TestApi" name="test_api_divide_divisor_cero" time="2.017" /><testcase classname="test.rest.api_test.TestApi" name="test_api_multiply" time="2.019" /><testcase classname="test.rest.api_test.TestApi" name="test_api_sqrt" time="0.008" /></testsuite></testsuites>